<?xml version="1.0" encoding="UTF-8"?>
<coverage generated="1680024997950" clover="3.2.0">
  <project timestamp="1680024997950" name="All files">
    <metrics statements="16" coveredstatements="14" conditionals="11" coveredconditionals="8" methods="5" coveredmethods="5" elements="32" coveredelements="27" complexity="0" loc="16" ncloc="16" packages="1" files="1" classes="1"/>
    <file name="Roller.ts" path="/sandbox/src/Roller.ts">
      <metrics statements="16" coveredstatements="14" conditionals="11" coveredconditionals="8" methods="5" coveredmethods="5"/>
      <line num="1" count="1" type="stmt"/>
      <line num="21" count="4" type="cond" truecount="1" falsecount="1"/>
      <line num="22" count="0" type="stmt"/>
      <line num="24" count="4" type="stmt"/>
      <line num="26" count="4" type="stmt"/>
      <line num="45" count="2" type="cond" truecount="4" falsecount="0"/>
      <line num="46" count="1" type="stmt"/>
      <line num="49" count="1" type="stmt"/>
      <line num="50" count="1" type="cond" truecount="3" falsecount="1"/>
      <line num="51" count="1" type="stmt"/>
      <line num="52" count="1" type="stmt"/>
      <line num="63" count="2" type="cond" truecount="0" falsecount="1"/>
      <line num="64" count="0" type="stmt"/>
      <line num="66" count="2" type="stmt"/>
      <line num="79" count="1" type="stmt"/>
      <line num="89" count="2" type="stmt"/>
    </file>
  </project>
</coverage>
