{"/sandbox/src/Roller.ts": {"path":"/sandbox/src/Roller.ts","statementMap":{"0":{"start":{"line":21,"column":8},"end":{"line":25,"column":null}},"1":{"start":{"line":22,"column":12},"end":{"line":22,"column":28}},"2":{"start":{"line":24,"column":12},"end":{"line":24,"column":32}},"3":{"start":{"line":26,"column":8},"end":{"line":26,"column":39}},"4":{"start":{"line":45,"column":8},"end":{"line":48,"column":null}},"5":{"start":{"line":46,"column":12},"end":{"line":46,"column":21}},"6":{"start":{"line":49,"column":8},"end":{"line":49,"column":27}},"7":{"start":{"line":50,"column":26},"end":{"line":50,"column":60}},"8":{"start":{"line":51,"column":8},"end":{"line":51,"column":53}},"9":{"start":{"line":52,"column":8},"end":{"line":52,"column":21}},"10":{"start":{"line":63,"column":8},"end":{"line":65,"column":null}},"11":{"start":{"line":64,"column":10},"end":{"line":64,"column":19}},"12":{"start":{"line":66,"column":8},"end":{"line":66,"column":26}},"13":{"start":{"line":79,"column":8},"end":{"line":79,"column":34}},"14":{"start":{"line":89,"column":8},"end":{"line":89,"column":27}},"15":{"start":{"line":1,"column":0},"end":{"line":1,"column":13}}},"fnMap":{"0":{"name":"(anonymous_0)","decl":{"start":{"line":20,"column":4},"end":{"line":20,"column":16}},"loc":{"start":{"line":20,"column":29},"end":{"line":27,"column":5}}},"1":{"name":"(anonymous_1)","decl":{"start":{"line":44,"column":4},"end":{"line":44,"column":8}},"loc":{"start":{"line":44,"column":22},"end":{"line":53,"column":5}}},"2":{"name":"(anonymous_2)","decl":{"start":{"line":62,"column":4},"end":{"line":62,"column":8}},"loc":{"start":{"line":62,"column":8},"end":{"line":67,"column":7}}},"3":{"name":"(anonymous_3)","decl":{"start":{"line":77,"column":4},"end":{"line":77,"column":16}},"loc":{"start":{"line":77,"column":16},"end":{"line":81,"column":5}}},"4":{"name":"(anonymous_4)","decl":{"start":{"line":88,"column":4},"end":{"line":88,"column":8}},"loc":{"start":{"line":88,"column":13},"end":{"line":90,"column":5}}}},"branchMap":{"0":{"loc":{"start":{"line":21,"column":8},"end":{"line":25,"column":null}},"type":"if","locations":[{"start":{"line":21,"column":8},"end":{"line":25,"column":null}},{"start":{"line":23,"column":15},"end":{"line":25,"column":null}}]},"1":{"loc":{"start":{"line":45,"column":8},"end":{"line":48,"column":null}},"type":"if","locations":[{"start":{"line":45,"column":8},"end":{"line":48,"column":null}}]},"2":{"loc":{"start":{"line":45,"column":12},"end":{"line":45,"column":72}},"type":"binary-expr","locations":[{"start":{"line":45,"column":12},"end":{"line":45,"column":36}},{"start":{"line":45,"column":40},"end":{"line":45,"column":49}},{"start":{"line":45,"column":53},"end":{"line":45,"column":72}}]},"3":{"loc":{"start":{"line":50,"column":26},"end":{"line":50,"column":60}},"type":"cond-expr","locations":[{"start":{"line":50,"column":55},"end":{"line":50,"column":59}},{"start":{"line":50,"column":59},"end":{"line":50,"column":60}}]},"4":{"loc":{"start":{"line":50,"column":26},"end":{"line":50,"column":59}},"type":"binary-expr","locations":[{"start":{"line":50,"column":26},"end":{"line":50,"column":59}},{"start":{"line":50,"column":55},"end":{"line":50,"column":59}}]},"5":{"loc":{"start":{"line":63,"column":8},"end":{"line":65,"column":null}},"type":"if","locations":[{"start":{"line":63,"column":8},"end":{"line":65,"column":null}}]}},"s":{"0":4,"1":0,"2":4,"3":4,"4":2,"5":1,"6":1,"7":1,"8":1,"9":1,"10":2,"11":0,"12":2,"13":1,"14":2,"15":1},"f":{"0":4,"1":2,"2":2,"3":1,"4":2},"b":{"0":[0,4],"1":[1],"2":[2,2,2],"3":[0,1],"4":[1,1],"5":[0]}}
}
