TN:
SF:src/Roller.ts
FN:20,(anonymous_0)
FN:44,(anonymous_1)
FN:62,(anonymous_2)
FN:77,(anonymous_3)
FN:88,(anonymous_4)
FNF:5
FNH:5
FNDA:4,(anonymous_0)
FNDA:2,(anonymous_1)
FNDA:2,(anonymous_2)
FNDA:1,(anonymous_3)
FNDA:2,(anonymous_4)
DA:1,1
DA:21,4
DA:22,0
DA:24,4
DA:26,4
DA:45,2
DA:46,1
DA:49,1
DA:50,1
DA:51,1
DA:52,1
DA:63,2
DA:64,0
DA:66,2
DA:79,1
DA:89,2
LF:16
LH:14
BRDA:21,0,0,0
BRDA:21,0,1,4
BRDA:45,1,0,1
BRDA:45,2,0,2
BRDA:45,2,1,2
BRDA:45,2,2,2
BRDA:50,3,0,0
BRDA:50,3,1,1
BRDA:50,4,0,1
BRDA:50,4,1,1
BRDA:63,5,0,0
BRF:11
BRH:8
end_of_record
